<?xml version="1.0" encoding="UTF-8"?>
<!-- Generated by org.testng.reporters.JUnitReportReporter -->
<testsuite hostname="Prafuls-MacBook-Pro.local" failures="0" tests="1" name="com.TestLayer.LoginPageTest" time="3.578" errors="0" timestamp="2021-07-17T19:49:55 IST" skipped="0">
  <testcase classname="com.TestLayer.LoginPageTest" name="loginFunctinality" time="3.578"/>
  <system-out/>
</testsuite> <!-- com.TestLayer.LoginPageTest -->
