<?xml version="1.0" encoding="UTF-8"?>
<!-- Generated by org.testng.reporters.JUnitReportReporter -->
<testsuite hostname="Prafuls-MacBook-Pro.local" failures="0" tests="4" name="com.TestLayer.HomepageTest" time="7.893" errors="0" timestamp="2021-07-17T19:50:24 IST" skipped="0">
  <testcase classname="com.TestLayer.HomepageTest" name="loginfunctinality" time="5.298"/>
  <system-out/>
  <testcase classname="com.TestLayer.HomepageTest" name="validatTitle" time="0.011"/>
  <system-out/>
  <testcase classname="com.TestLayer.HomepageTest" name="validateUrl" time="0.006"/>
  <system-out/>
  <testcase classname="com.TestLayer.HomepageTest" name="clickOnContactLink" time="2.578"/>
  <system-out/>
</testsuite> <!-- com.TestLayer.HomepageTest -->
